<?xml version="1.0" encoding="UTF-8"?>
<!-- Generated by org.testng.reporters.JUnitReportReporter -->
<testsuite skipped="0" hostname="SHALINI" name="blazeflights.BlazeSample" tests="1" failures="0" timestamp="26 Jul 2022 11:21:19 GMT" time="41.922" errors="0">
  <testcase name="loginPage" time="41.922" classname="blazeflights.BlazeSample"/>
</testsuite> <!-- blazeflights.BlazeSample -->
